Starting Application
Generating Intake...
Sending Notification...
Sent

Starting Application
Generating Intake...
Sending Notification...
Traceback (most recent call last):
  File "/main.py", line 70, in <module>
    message = 'It\'s time to drink water! Recommended daily intake: {} liters. Sent at {}'.format(recommended_intake, tp)
NameError: name 'tp' is not defined
Starting Application
Generating Intake...
Sending Notification...
Sent at 2023-04-24 12:22

Starting Application
Generating Intake...
Sending Notification...
Sent at 2023-04-24 12:24

Starting Application
Generating Intake...
Sending Notification...
Sent at 2023-04-24 12:26

